0 info it worked if it ends with ok
1 verbose cli [ '/usr/local/bin/node', '/usr/local/bin/npm', 'start' ]
2 info using npm@3.10.10
3 info using node@v6.9.4
4 verbose run-script [ 'prestart', 'start', 'poststart' ]
5 info lifecycle labels@~prestart: labels@
6 silly lifecycle labels@~prestart: no script for prestart, continuing
7 info lifecycle labels@~start: labels@
8 verbose lifecycle labels@~start: unsafe-perm in lifecycle true
9 verbose lifecycle labels@~start: PATH: /usr/local/lib/node_modules/npm/bin/node-gyp-bin:/Users/Axel/Projects/labels/node_modules/.bin:/usr/bin:/bin:/usr/sbin:/sbin:/Applications/mongodb-osx-x86_64-3.2.3/bin:/usr/bin:/bin:/usr/sbin:/sbin:/Applications/mongodb-osx-x86_64-3.2.3/bin:/Library/Frameworks/Python.framework/Versions/3.6/bin:/Library/Frameworks/Python.framework/Versions/3.5/bin:/usr/local/bin:/usr/bin:/bin:/usr/sbin:/sbin
10 verbose lifecycle labels@~start: CWD: /Users/Axel/Projects/labels
11 silly lifecycle labels@~start: Args: [ '-c', 'grunt serve' ]
12 silly lifecycle labels@~start: Returned: code: 3  signal: null
13 info lifecycle labels@~start: Failed to exec start script
14 verbose stack Error: labels@ start: `grunt serve`
14 verbose stack Exit status 3
14 verbose stack     at EventEmitter.<anonymous> (/usr/local/lib/node_modules/npm/lib/utils/lifecycle.js:255:16)
14 verbose stack     at emitTwo (events.js:106:13)
14 verbose stack     at EventEmitter.emit (events.js:191:7)
14 verbose stack     at ChildProcess.<anonymous> (/usr/local/lib/node_modules/npm/lib/utils/spawn.js:40:14)
14 verbose stack     at emitTwo (events.js:106:13)
14 verbose stack     at ChildProcess.emit (events.js:191:7)
14 verbose stack     at maybeClose (internal/child_process.js:877:16)
14 verbose stack     at Process.ChildProcess._handle.onexit (internal/child_process.js:226:5)
15 verbose pkgid labels@
16 verbose cwd /Users/Axel/Projects/labels
17 error Darwin 15.6.0
18 error argv "/usr/local/bin/node" "/usr/local/bin/npm" "start"
19 error node v6.9.4
20 error npm  v3.10.10
21 error code ELIFECYCLE
22 error labels@ start: `grunt serve`
22 error Exit status 3
23 error Failed at the labels@ start script 'grunt serve'.
23 error Make sure you have the latest version of node.js and npm installed.
23 error If you do, this is most likely a problem with the labels package,
23 error not with npm itself.
23 error Tell the author that this fails on your system:
23 error     grunt serve
23 error You can get information on how to open an issue for this project with:
23 error     npm bugs labels
23 error Or if that isn't available, you can get their info via:
23 error     npm owner ls labels
23 error There is likely additional logging output above.
24 verbose exit [ 1, true ]
